<?xml version="1.0" encoding="UTF-8"?>
<!-- Generated by org.testng.reporters.JUnitReportReporter -->
<testsuite hostname="Macbooks-MacBook-Pro.local" failures="0" tests="1" name="com.concorida.testing.NewTest" time="13.813" errors="0" timestamp="2022-11-09T13:26:28 GMT-05:00" skipped="0">
  <testcase classname="com.concorida.testing.NewTest" name="f" time="13.813"/>
  <system-out/>
</testsuite> <!-- com.concorida.testing.NewTest -->
